<?xml version="1.0" encoding="UTF-8"?>
<!-- Generated by org.testng.reporters.JUnitReportReporter -->
<testsuite hostname="KEVINP0D37" failures="0" tests="1" name="com.parasoft.banking.testcases.OpenAccount" time="26.411" errors="0" timestamp="07 Aug 2022 13:01:00 GMT" skipped="0">
  <testcase classname="com.parasoft.banking.testcases.OpenAccount" name="TC_010_OpenNewAccountSuccessfully" time="26.411"/>
</testsuite> <!-- com.parasoft.banking.testcases.OpenAccount -->
