<?xml version="1.0" encoding="UTF-8"?>
<!-- Generated by org.testng.reporters.JUnitReportReporter -->
<testsuite skipped="0" hostname="PC" name="com.parasoft.banking.testcases.VerifyCustomerRegistration" tests="1" failures="0" timestamp="08 Aug 2022 05:42:07 GMT" time="22.978" errors="0">
  <testcase name="TC_004_RegisterCustomerSuccessfully" time="22.978" classname="com.parasoft.banking.testcases.VerifyCustomerRegistration"/>
</testsuite> <!-- com.parasoft.banking.testcases.VerifyCustomerRegistration -->
