<?xml version="1.0" encoding="UTF-8"?>
<!-- Generated by org.testng.reporters.JUnitReportReporter -->
<testsuite skipped="0" hostname="PC" name="com.parasoft.banking.testcases.VerifyCustomerLogin" tests="3" failures="0" timestamp="08 Aug 2022 05:42:07 GMT" time="23.135" errors="0">
  <testcase name="TC_001_VerifyEmptyCredentialFields" time="0.797" classname="com.parasoft.banking.testcases.VerifyCustomerLogin"/>
  <testcase name="TC_002_VerifyIncorrectCredentials" time="0.846" classname="com.parasoft.banking.testcases.VerifyCustomerLogin"/>
  <testcase name="TC_003_VerifyLoginSuccessful" time="21.492" classname="com.parasoft.banking.testcases.VerifyCustomerLogin"/>
</testsuite> <!-- com.parasoft.banking.testcases.VerifyCustomerLogin -->
